<?xml version="1.0" encoding="UTF-8"?>
<coverage generated="1697549386534" clover="3.2.0">
  <project timestamp="1697549386534" name="All files">
    <metrics statements="3" coveredstatements="3" conditionals="1" coveredconditionals="1" methods="1" coveredmethods="1" elements="5" coveredelements="5" complexity="0" loc="3" ncloc="3" packages="1" files="1" classes="1"/>
    <file name="sum.ts" path="/Volumes/Luu Phat/Front-End/Planthor_ClientFrontEndWebApp/src/lib/components/sum.ts">
      <metrics statements="3" coveredstatements="3" conditionals="1" coveredconditionals="1" methods="1" coveredmethods="1"/>
      <line num="1" count="1" type="cond" truecount="1" falsecount="0"/>
      <line num="2" count="1" type="stmt"/>
      <line num="3" count="1" type="stmt"/>
    </file>
  </project>
</coverage>
